<?xml version="1.0" encoding="UTF-8"?>
<!-- Generated by org.testng.reporters.JUnitReportReporter -->
<testsuite hostname="Jyothi" failures="0" tests="1" name="TestScript.Script" time="0.018" errors="0" timestamp="2021-09-05T19:32:23 IST" skipped="0">
  <testcase classname="TestScript.Script" name="testngexamplee" time="0.018"/>
  <system-out/>
</testsuite> <!-- TestScript.Script -->
